<?xml version="1.0" encoding="UTF-8"?>
<testng-results ignored="0" total="2" passed="2" failed="0" skipped="0">
  <reporter-output>
  </reporter-output>
  <suite started-at="2023-07-21T15:18:50 IST" name="Default suite" finished-at="2023-07-21T15:18:50 IST" duration-ms="48">
    <groups>
    </groups>
    <test started-at="2023-07-21T15:18:50 IST" name="Default test" finished-at="2023-07-21T15:18:50 IST" duration-ms="48">
      <class name="vtiger.Practice.DataProviderPractice">
        <test-method signature="addToCart(java.lang.String,int,int,java.lang.String,boolean)[pri:0, instance:vtiger.Practice.DataProviderPractice@18d87d80]" started-at="2023-07-21T15:18:50 IST" name="addToCart" data-provider="getData" finished-at="2023-07-21T15:18:50 IST" duration-ms="6" status="PASS">
          <params>
            <param index="0">
              <value>
                <![CDATA[samsung]]>
              </value>
            </param>
            <param index="1">
              <value>
                <![CDATA[10000]]>
              </value>
            </param>
            <param index="2">
              <value>
                <![CDATA[12]]>
              </value>
            </param>
            <param index="3">
              <value>
                <![CDATA[Black]]>
              </value>
            </param>
            <param index="4">
              <value>
                <![CDATA[true]]>
              </value>
            </param>
          </params>
          <reporter-output>
          </reporter-output>
        </test-method> <!-- addToCart -->
        <test-method signature="addToCart(java.lang.String,int,int,java.lang.String,boolean)[pri:0, instance:vtiger.Practice.DataProviderPractice@18d87d80]" started-at="2023-07-21T15:18:50 IST" name="addToCart" data-provider="getData" finished-at="2023-07-21T15:18:50 IST" duration-ms="1" status="PASS">
          <params>
            <param index="0">
              <value>
                <![CDATA[Iphone]]>
              </value>
            </param>
            <param index="1">
              <value>
                <![CDATA[12000]]>
              </value>
            </param>
            <param index="2">
              <value>
                <![CDATA[5]]>
              </value>
            </param>
            <param index="3">
              <value>
                <![CDATA[white]]>
              </value>
            </param>
            <param index="4">
              <value>
                <![CDATA[true]]>
              </value>
            </param>
          </params>
          <reporter-output>
          </reporter-output>
        </test-method> <!-- addToCart -->
      </class> <!-- vtiger.Practice.DataProviderPractice -->
    </test> <!-- Default test -->
  </suite> <!-- Default suite -->
</testng-results>
